Reading Config...
Start reading triggers
Reading 'C:\Users\Windows 11\Documents\GTA San Andreas\CLEO\Urbanize\Urbanize.dat'
Start read SA...
Added place 'QUEU1 1131.0 -1133.0 24.0 120.0 0'
Added place 'QUEU1 1321.0 -1704.0 13.0 120.0 1'
Added place 'HUNTR -711.0 -2610.0 73.0 120.0'
Added place 'HUNTR -992.0 -2419.0 73.0 120.0'
Added place 'HUNTR -636.0 -2102.0 29.0 120.0'
Added place 'HUNTR -440.0 -1685.0 11.0 120.0'
Added place 'SWEEL -628.1 -2256.1 24.2 80.0'
Added place 'SWEEL -1008.4 -1145.5 129.2 80.0'
Added place 'SWEEL 219.9 -226.0 1.7 60.0'
Added place 'SWEEL 2353.4 -646.5 128.0 80.0'
Added place 'SWEEL 1264.0 335.0 23.5 100.0'
Added place 'SWEEL -2659.7 1531.0 55.0 80.0'
Added place 'DPGRG 1565.0 -1629.0 13.0 120.0'
Added place 'DPGRG -1605.0 668.0 5.0 120.0'
Added place 'DPGRG 2277.0 2458.0 0.0 120.0'
Added place 'VUNLD 2445.4 -1768.0 13.3 100.0 180.0'
Added place 'VUNLD 2445.719 -1892.672 13.726 130.0 0.5'
Added place 'VUNLD 2398.124 -2014.727 13.727 130.0 269.1'
Added place 'VUNLD 2117.878 -1871.005 13.720 130.0 74.0'
Added place 'VUNLD 1912.439 -1860.820 13.735 130.0 88.3'
Added place 'VUNLD 1626.992 -1551.372 13.836 130.0 270.0'
Added place 'VUNLD 1637.846 -1900.536 13.726 130.0 269.6'
Added place 'VUNLD 1391.969 -1647.681 13.549 130.0 268.6'
Added place 'VUNLD 2445.588 -2112.404 13.722 130.0 0.9'
Added place 'VUNLD 2184.553 -2296.191 13.720 130.0 46.1'
Added place 'VUNLD 2270.622 -2341.760 13.721 130.0 317.6'
Added place 'VUNLD 2415.279 -2510.147 13.826 130.0 89.5'
Added place 'VUNLD 2503.423 -2625.143 13.822 130.0 91.0'
Added place 'VUNLD 2651.079 -2388.185 13.806 130.0 269.7'
Added place 'VUNLD 2519.982 -2433.730 13.793 130.0 225.5'
Added place 'VUNLD 2578.370 -2440.221 13.805 130.0 315.6'
Added place 'VUNLD 2205.415 -2530.557 13.720 130.0 272.2'
Added place 'VUNLD 1853.267 -1795.289 13.721 130.0 90.0'
Added place 'VUNLD 1382.430 -1895.283 13.660 130.0 88.9'
Added place 'VUNLD 957.541 -1458.491 13.675 130.0 179.7'
Added place 'VUNLD 1023.995 -1367.933 13.735 130.0 90.2'
Added place 'VUNLD 858.616 -1283.141 14.235 130.0 273.3'
Added place 'VUNLD 989.581 -1104.834 24.002 130.0 89.6'
Added place 'VUNLD 1133.401 -868.143 43.365 130.0 269.8'
Added place 'VUNLD 1803.515 -1431.621 13.595 130.0 90.2'
Added place 'VUNLD 2019.290 -1097.220 24.852 130.0 249.5'
Added place 'VUNLD 2382.162 -1476.910 24.046 130.0 269.6'
Added place 'VUNLD 2207.203 -1323.472 24.158 130.0 358.8'
Added place 'VUNLD 2420.976 -2218.504 13.720 130.0 313.9'
Added place 'VUNLD 2003.995 -2094.098 13.721 130.0 269.7'
Added place 'VUNLD 1744.095 -2063.337 13.778 130.0 180.0'
Added place 'VUNLD 361.335 -1325.716 14.733 130.0 211.0'
Added place 'VUNLD 2332.778 -2073.029 13.722 130.0 88.8'
Added place 'VUNLD -1949.3608 -1078.5784 31.1666 130.0 0.0'
Added place 'VUNLD -2272.8525 3.6108 35.7132 130.0 270.0'
Added place 'VUNLD -2718.5906 82.2845 4.5603 130.0 270.0'
Added place 'VUNLD -2757.1337 237.4833 7.5306 130.0 180.0'
Added place 'VUNLD -2542.0646 -36.9223 16.8921 130.0 180.0'
Added place 'VUNLD -2689.1707 1404.415 7.4945 130.0 168.5'
Added place 'VUNLD -2192.5463 191.319 35.7133 130.0 0.0'
Added place 'VUNLD -2213.5409 422.3286 35.5651 130.0 0.0'
Added place 'VUNLD -2436.0774 955.0883 45.69 130.0 270.0'
Added place 'VUNLD -2466.8586 779.9647 35.5649 130.0 90.0'
Added place 'VUNLD -2504.3599 762.7557 35.5653 130.0 270.0'
Added place 'VUNLD -1868.5685 1412.0554 7.5797 130.0 223.5'
Added place 'VUNLD -1830.5803 -11.7864 15.5102 130.0 270.0'
Added place 'VUNLD -1725.3215 -127.0147 3.9436 130.0 134.8'
Added place 'VUNLD -1863.2993 -217.7272 18.7682 130.0 270.0'
Added place 'VUNLD -2671.7446 236.6061 4.7297 130.0 90.0'
Added place 'VUNLD -2505.7739 2357.1199 5.3782 130.0 180.0'
Added place 'VUNLD 2256.8474 2763.884 10.8203 130.0 90.0'
Added place 'VUNLD 2299.893 2747.726 10.994 130.0 270.0'
Added place 'VUNLD 2351.380 2754.601 10.994 130.0 270.0'
Added place 'VUNLD 2363.683 2570.106 10.993 130.0 270.2'
Added place 'VUNLD 2128.883 2511.726 10.994 130.0 193.8'
Added place 'VUNLD 1959.302 2145.952 10.994 130.0 91.1'
Added place 'VUNLD 1743.774 2235.423 10.994 130.0 90.6'
Added place 'VUNLD 1685.699 2358.891 10.986 130.0 270.4'
Added place 'VUNLD 2821.927 2605.220 10.994 130.0 45.6'
Added place 'VUNLD 2791.106 2011.500 10.979 130.0 178.9'
Added place 'VUNLD 2540.204 1926.054 10.996 130.0 89.6'
Added place 'VUNLD 2609.568 1429.820 10.994 130.0 179.1'
Added place 'VUNLD 2443.700 1158.276 10.994 130.0 89.3'
Added place 'VUNLD 2494.635 1208.133 10.994 130.0 179.4'
Added place 'VUNLD 1891.296 1173.664 10.997 130.0 180.3'
Added place 'VUNLD 2025.024 2041.469 10.994 130.0 269.9'
Added place 'VUNLD 1843.770 2087.769 10.994 130.0 180.3'
Added place 'VUNLD 1743.082 1863.097 10.990 130.0 0.7'
Added place 'VUNLD 1022.880 2271.313 10.993 130.0 179.1'
Added place 'VUNLD 975.373 2169.559 10.994 130.0 268.9'
Added place 'VUNLD 1103.383 1926.222 10.994 130.0 90.1'
Added place 'VUNLD 1136.881 1920.138 10.994 130.0 269.6'
Added place 'VUNLD 953.491 1659.149 8.827 130.0 269.9'
Added place 'VUNLD 1663.545 715.887 10.993 130.0 358.7'
Added place 'VUNLD 1405.936 977.536 10.990 130.0 0.3'
Added place 'VUNLD 1371.931 1161.574 10.995 130.0 359.5'
Added place 'VUNLD 1450.851 2349.629 10.994 130.0 270.6'
Added place 'VUNLD 2833.207 899.934 10.931 130.0 0.7'
Added place 'SWEEL 922.9 189.3 45.0 180.0'
Added place 'GASST -101.9 -1174.3 2.5 160.0 0'
Added place 'GASST 1939.6 -1758.1 13.0 130.0 1'
Added place 'GASST 649.0 -561.0 16.0 130.0 2'
Added place 'GASST 1379.8 457.2 19.9 130.0 3'
Added place 'GASST -1600.2 -2724.0 48.6 180.0 4'
Added place 'GASST -2405.2 975.9 45.3 180.0 5'
Added place 'GASST -1473.6 1864.2 32.6 160.0 6'
Added place 'GASST -1331.3 2677.9 50.0 160.0 7'
Added place 'GASST 602.1 1693.2 6.9 160.0 8'
Added place 'GASST 2151.7 2747.5 10.8 130.0 9'
Added place 'GASST 1591.9 2200.0 10.8 130.0 10'
Added place 'GASST 2119.7 910.3 10.8 130.0 11'
Added place 'GASST 2634.9 1116.3 10.8 130.0 12'
Added place 'GASST -2245.7 -2563.8 31.9 130.0 13'
Start read LS...
Added place 'GNBAR 2305.0 -1653.0 15.0 120.0'
Added place 'ALHAM 1837.0 -1688.0 15.0 130.0'
Added place 'LSPDP 1535.0 -1666.0 12.0 130.0'
Added place 'LSHSP 1180.0 -1328.0 13.0 130.0'
Added place 'GNBK1 2309.0 -1763.0 24.0 130.0'
Added place 'RAMDB 1842.0 -1510.0 16.0 1000.0'
Added place 'GYMSM 664.0 -1864.0 5.0 130.0'
Added place 'DCTBL 2489.132324 -1646.337769 13.184828 90.0'
Added place 'DCTBL 1835.728882 -2037.865234 12.669755 100.0'
Added place 'DCTBL 2049.604980 -1112.683838 24.546070 100.0'
Added place 'DCTBL 2290.707031 -1114.248291 37.087128 130.0'
Added place 'DCTBL 2799.959717 -2007.773438 12.630204 100.0'
Added place 'SMPR1 370.0 -1933.0 9.0 150.0'
Added place 'LSHS2 2022.0 -1429.0 13.0 110.0'
Added place 'LSFST 1751.0 -1455.0 13.0 130.0'
Added place 'GROVE 2467.0 -1665.0 14.0 100.0'
Added place 'SMBCW 245.1 -1850.5 7.0 170.0'
Added place 'SMBCE 530.0 -1893.0 7.0 170.0'
Added place 'GLNPS 1913.0 -1370.0 13.0 130.0'
Added place 'GLNPN 1971.0 -1200.0 24.0 130.0'
Added place 'VERST 1020.6 -1901.1 12.6 130.0'
Start read SF...
Added place 'SFPDP -1614.0 713.0 13.0 130.0'
Added place 'SFHSP -2711.0 589.0 14.0 130.0'
Added place 'SFFST -2057.3 64.0 29.0 100.0'
Start read LV...
Added place 'LVPDP 2324.0 2458.0 10.0 130.0'
Added place 'LVHSP 1658.0 1784.0 10.0 130.0'
Added place 'LVFST 1763.5 2075.5 11.0 130.0'
Added place 'VROCK 2635.9 2387.4 15.0 130.0'
Added place 'ROCAE 2347.9 2310.3 11.5 180.0'
Added place 'PIMPF 2027.2 1582.1 11.1 180.0'
Added place 'TPSWA 2033.0 1178.6 12.0 180.0'
Start read CS...
Added place 'MCHTP -2236.0 -1711.0 480.0 150.0'
Added place 'FLNTR -74.0 -1580.0 2.0 100.0'
Added place 'MCHB1 -2462.0 -1741.0 440.0 160.0'
Added place 'MCHB1 -2794.0 -1719.0 140.0 160.0'
Added place 'MCHB1 -2572.0 -1857.0 260.0 180.0'
Added place 'MCHB1 -2212.0 -1554.0 370.0 180.0'
Added place 'APHSP -2197.0 -2281.0 31.0 130.0'
Added place 'APPDP -2173.0 -2389.0 31.0 130.0'
Added place 'DLPDP 638.0 -569.0 16.0 130.0'
Added place 'MGHSP 1230.0 322.0 20.0 130.0'
Added place 'DLBAR 679.0 -474.0 16.0 130.0'
Added place 'APTRP -2064.0 -2529.3 31.4 100.0'
Added place 'APBAI -2074.0 -2457.6 34.5 130.0'
Start read DE...
Added place 'DEAMM 795.0 1668.0 5.0 150.0'
Added place 'DEAMM -319.0 817.0 14.0 150.0'
Added place 'FCPDP -221.0 992.2 19.0 130.0'
Added place 'EQPDP -1400.0 2634.0 55.0 130.0'
Added place 'FCHSP -304.0 1054.0 20.0 130.0'
Added place 'EQHSP -1512.0 2529.0 56.0 130.0'
Added place 'ARA69 182.0 1871.0 25.0 500.0'
Added place 'LPBAR -82.0 1374.0 12.0 130.0'
Added place 'LPTRP -21.0 1349.0 10.0 100.0'
Added place 'EQNOR -1499.6 2677.6 58.6 100.0'
Start read IN...
Added place 'XBAMA 270.4 -37.2 921.0 100.0 1'
Start read OBJ...
Added 'TABL1' for obj model 643 chances 60%
Removed ped attractor from object model 643
Added 'TABL1' for obj model 1281 chances 60%
There is no effects in object model 1281
Added 'TABL1' for obj model 1432 chances 60%
There is no effects in object model 1432
Added 'LOUG1' for obj model 1255 chances 60%
Removed ped attractor from object model 1255
Added 'LOUG1' for obj model 1646 chances 70%
There is no effects in object model 1646
Added 'LOUG1' for obj model 1645 chances 70%
There is no effects in object model 1645
Added 'LOUG1' for obj model 1647 chances 70%
There is no effects in object model 1647
Added 'BENCH' for obj model 1256 chances 50%
Removed ped attractor from object model 1256
Added 'BENCH' for obj model 1280 chances 40%
Removed ped attractor from object model 1280
Added 'BENCH' for obj model 1368 chances 50%
There is no effects in object model 1368
Done reading triggers.
Init scripts event
Reading Models...
Start reading char models from CLEO\Urbanize\_Models\_Default Objects.dat
Start read Alcoholic...
Added object model 1509 for style 0
Done reading char models.
Start reading char models from CLEO\Urbanize\_Models\_Default Peds.dat
Start read Vendor...
Added char model 168 for style 0
Added char model 209 for style 0
Start read Guard...
Added char model 71 for style 6
Added char model 253 for style 6
Added char model 24 for style 6
Added char model 25 for style 6
Start read Skater...
Added char model 23 for style 2
Start read Worker...
Added char model 27 for style 3
Added char model 260 for style 3
Start read Airport...
Added char model 16 for style 4
Start read Mechanic...
Added char model 50 for style 5
Start read Guard...
Added char model 71 for style 6
Added char model 253 for style 6
Added char model 24 for style 6
Added char model 25 for style 6
Start read Trail...
Added char model 26 for style 7
Start read MountBiker...
Added char model 51 for style 8
Added char model 52 for style 8
Start read Camper...
Added char model 72 for style 9
Added char model 90 for style 9
Added char model 96 for style 9
Added char model 136 for style 9
Added char model 151 for style 9
Added char model 206 for style 9
Added char model 218 for style 9
Added char model 220 for style 9
Added char model 221 for style 9
Added char model 222 for style 9
Added char model 225 for style 9
Added char model 231 for style 9
Added char model 233 for style 9
Added char model 235 for style 9
Start read Hunter...
Added char model 34 for style 10
Added char model 35 for style 10
Added char model 133 for style 10
Added char model 161 for style 10
Added char model 202 for style 10
Start read Young...
Added char model 23 for style 11
Added char model 13 for style 11
Added char model 19 for style 11
Added char model 22 for style 11
Added char model 48 for style 11
Added char model 56 for style 11
Added char model 60 for style 11
Added char model 101 for style 11
Added char model 170 for style 11
Added char model 181 for style 11
Added char model 188 for style 11
Added char model 241 for style 11
Added char model 226 for style 11
Start read Gardener...
Added char model 69 for style 12
Start read BikerGang...
Added char model 247 for style 13
Added char model 248 for style 13
Added char model 100 for style 13
Start read BoxCarrier...
Added char model 206 for style 14
Added char model 202 for style 14
Done reading char models.
Start reading char models from CLEO\Urbanize\_Models\_Default Vehicles.dat
Start read Harley...
Added vehicle model 463 for style 0
Start read GhettoBike...
Added vehicle model 481 for style 2
Start read Camp...
Added vehicle model 508 for style 3
Added vehicle model 483 for style 3
Start read MountBike...
Added vehicle model 510 for style 4
Start read OffRoad...
Added vehicle model 500 for style 5
Added vehicle model 554 for style 5
Added vehicle model 424 for style 5
Added vehicle model 468 for style 5
Added vehicle model 471 for style 5
Added vehicle model 489 for style 5
Added vehicle model 568 for style 5
Start read UnloadVan...
Added vehicle model 456 for style 6
Done reading char models.
Init scripts event
Init scripts event
Initializing mod scripts
Started script 'Urbanize\Urbanize - Root.cs' pointer 0A6F0070
OK processing mod
